"GET / HTTP/1.1" 200 337
"GET /4939 HTTP/1.1" 200 178311
"GET /static/css/dataTables.bootstrap.min.css HTTP/1.1" 200 4215
"GET /static/js/bootstrap.min.js HTTP/1.1" 200 37045
"GET /static/js/jquery.min.js HTTP/1.1" 200 86711
"GET /static/js/jquery.dataTables.min.js HTTP/1.1" 200 82812
"GET /static/css/bootstrap.min.css HTTP/1.1" 200 121200
"GET /static/img/qaMaxLogo.jpg HTTP/1.1" 200 10440
"GET /static/css/highcharts.css HTTP/1.1" 200 13893
"GET /static/js/highstock.js HTTP/1.1" 200 263358
"GET /static/img/monkeywalk.gif HTTP/1.1" 200 67946
"GET /static/fonts/glyphicons-halflings-regular.woff2 HTTP/1.1" 200 18028
"GET /static/img/qaMinLogo.ico HTTP/1.1" 200 6713
"GET /4939 HTTP/1.1" 200 178311
"GET /static/img/qaMinLogo.ico HTTP/1.1" 200 6713
"GET /4939 HTTP/1.1" 200 178313
"GET /static/img/qaMinLogo.ico HTTP/1.1" 200 6713
"GET /4939 HTTP/1.1" 200 178312
"GET /static/img/qaMinLogo.ico HTTP/1.1" 200 6713
"GET /4939 HTTP/1.1" 200 178312
"GET /4939 HTTP/1.1" 200 178312
